INFO[2025-08-01 10:50:03] Starting the application...                  
INFO[2025-08-01 11:07:39] Starting Sniffcrape...                       
INFO[2025-08-01 11:07:40] Scraping completed successfully              
INFO[2025-08-01 11:08:40] Starting Sniffcrape...                       
INFO[2025-08-01 11:08:43] Scraping completed successfully              
INFO[2025-08-01 11:09:51] Starting Sniffcrape...                       
ERRO[2025-08-01 11:09:51] No URL provided. Use -url flag to specify the URL. 
INFO[2025-08-01 11:27:27] Starting Sniffcrape...                       
INFO[2025-08-01 11:27:28] Scraping completed successfully              
INFO[2025-08-01 11:29:25] Starting Sniffcrape...                       
INFO[2025-08-01 11:29:26] Scraping completed successfully              
INFO[2025-08-01 11:30:51] Starting Sniffcrape...                       
INFO[2025-08-01 11:30:52] Scraping completed successfully              
INFO[2025-08-01 11:31:14] Starting Sniffcrape...                       
INFO[2025-08-01 11:31:14] Scraping completed successfully              
INFO[2025-08-01 11:34:49] Starting Sniffcrape...                       
ERRO[2025-08-01 11:34:49] No URL provided. Use -url flag to specify the URL. 
INFO[2025-08-01 11:36:39] Starting Sniffcrape...                       
INFO[2025-08-01 11:36:45] Scraping completed successfully              
INFO[2025-08-01 11:37:09] Starting Sniffcrape...                       
INFO[2025-08-01 11:37:09] Scraping completed successfully              
INFO[2025-08-01 11:37:44] Starting Sniffcrape...                       
ERRO[2025-08-01 11:37:44] No URL provided. Use -url flag to specify the URL. 
INFO[2025-08-01 11:37:57] Starting Sniffcrape...                       
INFO[2025-08-01 11:38:09] Starting Sniffcrape...                       
ERRO[2025-08-01 11:38:09] Error scraping URL: Get "http://https//google.com": http: no Host in request URL 
INFO[2025-08-01 11:38:31] Starting Sniffcrape...                       
INFO[2025-08-01 11:38:32] Scraping completed successfully              
INFO[2025-08-01 11:39:51] Starting Sniffcrape...                       
ERRO[2025-08-01 11:39:51] Error scraping URL: Get "https:/youtube.com": http: no Host in request URL 
INFO[2025-08-01 13:53:07] Starting Sniffcrape...                       
INFO[2025-08-01 13:53:07] Scraping completed successfully              
